{
  "stats": {
    "suites": 1,
    "tests": 1,
    "passes": 1,
    "pending": 0,
    "failures": 0,
    "start": "2019-10-06T18:40:26.183Z",
    "end": "2019-10-06T18:40:33.613Z",
    "duration": 7430,
    "testsRegistered": 1,
    "passPercent": 100,
    "pendingPercent": 0,
    "other": 0,
    "hasOther": false,
    "skipped": 0,
    "hasSkipped": false
  },
  "results": [
    {
      "uuid": "3aa3a379-d2ce-4ba0-934b-04d871afd031",
      "title": "",
      "fullFile": "",
      "file": "",
      "beforeHooks": [],
      "afterHooks": [],
      "tests": [],
      "suites": [
        {
          "uuid": "0c2abbb8-2d20-4373-8075-792e258a1302",
          "title": "SeleniumPractise - shopping cart",
          "fullFile": "",
          "file": "",
          "beforeHooks": [],
          "afterHooks": [],
          "tests": [
            {
              "title": "should add item to shopping cart",
              "fullTitle": "SeleniumPractise - shopping cart should add item to shopping cart",
              "timedOut": null,
              "duration": 5247,
              "state": "passed",
              "speed": "slow",
              "pass": true,
              "fail": false,
              "pending": false,
              "context": null,
              "code": "cy.visit(Cypress.env('url') + '/seleniumPractise/#/');\ncy.get('.search-keyword').type('ca');\ncy.wait(2000);\ncy.get('.products').find('.product').each(function ($el, index, $list) {\n  var textVeg = $el.find('h4.product-name').text();\n  if (textVeg.includes('Cashews')) {\n    $el.find('button').click();\n  }\n});\ncy.get('.cart-icon').click();\ncy.contains('PROCEED TO CHECKOUT').click();\ncy.contains('Place Order').click();",
              "err": {},
              "uuid": "8e7c9c33-6219-484a-acd7-43e2f6b5c354",
              "parentUUID": "0c2abbb8-2d20-4373-8075-792e258a1302",
              "isHook": false,
              "skipped": false
            }
          ],
          "suites": [],
          "passes": [
            "8e7c9c33-6219-484a-acd7-43e2f6b5c354"
          ],
          "failures": [],
          "pending": [],
          "skipped": [],
          "duration": 5247,
          "root": false,
          "rootEmpty": false,
          "_timeout": 2000
        }
      ],
      "passes": [],
      "failures": [],
      "pending": [],
      "skipped": [],
      "duration": 0,
      "root": true,
      "rootEmpty": true,
      "_timeout": 2000
    }
  ],
  "meta": {
    "mocha": {
      "version": "5.2.0"
    },
    "mochawesome": {
      "options": {
        "quiet": false,
        "reportFilename": "mochawesome",
        "saveHtml": true,
        "saveJson": true,
        "consoleReporter": "spec",
        "useInlineDiffs": false
      },
      "version": "4.1.0"
    },
    "marge": {
      "options": {},
      "version": "4.0.1"
    }
  }
}